<?xml version="1.0" encoding="UTF-8"?>
<testsuite xmlns:xsi="http://www.w3.org/2001/XMLSchema-instance" xsi:noNamespaceSchemaLocation="https://maven.apache.org/surefire/maven-surefire-plugin/xsd/surefire-test-report.xsd" name="com.freighttrust.ediq.EDIqTest" time="0.442" tests="8" errors="0" skipped="0" failures="0">
  <properties>
[...]
</properties>
  <testcase name="testSelectComponentsCTX01_02" classname="com.freighttrust.ediq.EDIqTest" time="0.276"/>
  <testcase name="testSchemaInputSelectLoopL0003{String, String}[1]" classname="com.freighttrust.ediq.EDIqTest" time="0.039"/>
  <testcase name="testSchemaInputSelectLoopL0003{String, String}[2]" classname="com.freighttrust.ediq.EDIqTest" time="0.025"/>
  <testcase name="testMissingFilePrintsMessage" classname="com.freighttrust.ediq.EDIqTest" time="0.006"/>
  <testcase name="testInvalidOptionsPrintsMessage" classname="com.freighttrust.ediq.EDIqTest" time="0.002"/>
  <testcase name="testSelectAllAK2Segments" classname="com.freighttrust.ediq.EDIqTest" time="0.016"/>
  <testcase name="testSelectCompositeElementCTX05" classname="com.freighttrust.ediq.EDIqTest" time="0.015"/>
  <testcase name="testSelectNestedLoopsWithSchema" classname="com.freighttrust.ediq.EDIqTest" time="0.016"/>
</testsuite>